<?xml version="1.0" encoding="UTF-8"?>
<testng-results ignored="0" total="1" passed="1" failed="0" skipped="0">
  <reporter-output>
  </reporter-output>
  <suite started-at="2026-05-05T08:01:54 IST" name="Default suite" finished-at="2026-05-05T08:02:10 IST" duration-ms="16079">
    <groups>
    </groups>
    <test started-at="2026-05-05T08:01:54 IST" name="Default test" finished-at="2026-05-05T08:02:10 IST" duration-ms="16079">
      <class name="RediffLoginTest">
        <test-method signature="rediffLogin()[pri:0, instance:RediffLoginTest@2b71e916]" started-at="2026-05-05T08:01:54 IST" name="rediffLogin" finished-at="2026-05-05T08:02:10 IST" duration-ms="15992" status="PASS">
          <reporter-output>
          </reporter-output>
        </test-method> <!-- rediffLogin -->
      </class> <!-- RediffLoginTest -->
    </test> <!-- Default test -->
  </suite> <!-- Default suite -->
</testng-results>
