<?xml version="1.0" encoding="UTF-8"?>
<testng-results ignored="0" total="1" passed="1" failed="0" skipped="0">
  <reporter-output>
  </reporter-output>
  <suite started-at="2026-05-04T11:42:09 IST" name="Default suite" finished-at="2026-05-04T11:42:26 IST" duration-ms="17639">
    <groups>
    </groups>
    <test started-at="2026-05-04T11:42:09 IST" name="Default test" finished-at="2026-05-04T11:42:26 IST" duration-ms="17639">
      <class name="LoginTest">
        <test-method signature="loginTest()[pri:0, instance:LoginTest@2b71e916]" started-at="2026-05-04T11:42:09 IST" name="loginTest" finished-at="2026-05-04T11:42:26 IST" duration-ms="17548" status="PASS">
          <reporter-output>
          </reporter-output>
        </test-method> <!-- loginTest -->
      </class> <!-- LoginTest -->
    </test> <!-- Default test -->
  </suite> <!-- Default suite -->
</testng-results>
